
  .   ____          _            __ _ _
 /\\ / ___'_ __ _ _(_)_ __  __ _ \ \ \ \
( ( )\___ | '_ | '_| | '_ \/ _` | \ \ \ \
 \\/  ___)| |_)| | | | | || (_| |  ) ) ) )
  '  |____| .__|_| |_|_| |_\__, | / / / /
 =========|_|==============|___/=/_/_/_/

 :: Spring Boot ::                (v4.0.6)

2026-06-12T02:28:46.364+02:00  INFO 15564 --- [           main] c.antiguedades.AntiguedadesApplication   : Starting AntiguedadesApplication v1.0.0 using Java 21.0.11 with PID 15564 (C:\sts-5.1.1.RELEASE\workspace\antiguedades-back\target\antiguedades-backend-1.0.0.jar started by jlac in C:\sts-5.1.1.RELEASE\workspace\antiguedades-back)
2026-06-12T02:28:46.371+02:00 DEBUG 15564 --- [           main] c.antiguedades.AntiguedadesApplication   : Running with Spring Boot v4.0.6, Spring v7.0.7
2026-06-12T02:28:46.372+02:00  INFO 15564 --- [           main] c.antiguedades.AntiguedadesApplication   : No active profile set, falling back to 1 default profile: "default"
2026-06-12T02:28:47.033+02:00  INFO 15564 --- [           main] .s.d.r.c.RepositoryConfigurationDelegate : Bootstrapping Spring Data JPA repositories in DEFAULT mode.
2026-06-12T02:28:47.063+02:00  INFO 15564 --- [           main] .s.d.r.c.RepositoryConfigurationDelegate : Finished Spring Data repository scanning in 24 ms. Found 3 JPA repository interfaces.
2026-06-12T02:28:47.592+02:00  INFO 15564 --- [           main] o.s.boot.tomcat.TomcatWebServer          : Tomcat initialized with port 8081 (http)
2026-06-12T02:28:47.600+02:00  INFO 15564 --- [           main] o.apache.catalina.core.StandardService   : Starting service [Tomcat]
2026-06-12T02:28:47.600+02:00  INFO 15564 --- [           main] o.apache.catalina.core.StandardEngine    : Starting Servlet engine: [Apache Tomcat/11.0.21]
2026-06-12T02:28:47.619+02:00  INFO 15564 --- [           main] b.w.c.s.WebApplicationContextInitializer : Root WebApplicationContext: initialization completed in 1206 ms
2026-06-12T02:28:47.679+02:00 DEBUG 15564 --- [           main] c.a.security.JwtAuthenticationFilter     : Filter 'jwtAuthenticationFilter' configured for use
2026-06-12T02:28:47.904+02:00  INFO 15564 --- [           main] org.hibernate.orm.jpa                    : HHH008540: Processing PersistenceUnitInfo [name: default]
2026-06-12T02:28:47.956+02:00  INFO 15564 --- [           main] org.hibernate.orm.core                   : HHH000001: Hibernate ORM core version 7.2.12.Final
2026-06-12T02:28:48.396+02:00  INFO 15564 --- [           main] o.s.o.j.p.SpringPersistenceUnitInfo      : No LoadTimeWeaver setup: ignoring JPA class transformer
2026-06-12T02:28:48.413+02:00  INFO 15564 --- [           main] com.zaxxer.hikari.HikariDataSource       : HikariPool-1 - Starting...
2026-06-12T02:28:48.545+02:00  INFO 15564 --- [           main] com.zaxxer.hikari.pool.HikariPool        : HikariPool-1 - Added connection org.postgresql.jdbc.PgConnection@77d54a41
2026-06-12T02:28:48.546+02:00  INFO 15564 --- [           main] com.zaxxer.hikari.HikariDataSource       : HikariPool-1 - Start completed.
2026-06-12T02:28:48.602+02:00  INFO 15564 --- [           main] org.hibernate.orm.connections.pooling    : HHH10001005: Database info:
	Database JDBC URL [jdbc:postgresql://localhost:5432/antiguedades]
	Database driver: PostgreSQL JDBC Driver
	Database dialect: PostgreSQLDialect
	Database version: 16.14
	Default catalog/schema: antiguedades/public
	Autocommit mode: undefined/unknown
	Isolation level: READ_COMMITTED [default READ_COMMITTED]
	JDBC fetch size: none
	Pool: DataSourceConnectionProvider
	Minimum pool size: undefined/unknown
	Maximum pool size: undefined/unknown
2026-06-12T02:28:49.298+02:00  INFO 15564 --- [           main] org.hibernate.orm.core                   : HHH000489: No JTA platform available (set 'hibernate.transaction.jta.platform' to enable JTA platform integration)
2026-06-12T02:28:49.303+02:00  INFO 15564 --- [           main] j.LocalContainerEntityManagerFactoryBean : Initialized JPA EntityManagerFactory for persistence unit 'default'
2026-06-12T02:28:49.352+02:00  INFO 15564 --- [           main] o.s.d.j.r.query.QueryEnhancerFactories   : Hibernate is in classpath; If applicable, HQL parser will be used.
2026-06-12T02:28:50.232+02:00 DEBUG 15564 --- [           main] o.f.c.i.s.classpath.ClassPathScanner     : Scanning for classpath resources at 'classpath:db/callback' ...
2026-06-12T02:28:50.233+02:00 DEBUG 15564 --- [           main] o.f.c.i.s.classpath.ClassPathScanner     : Determining location urls for classpath:db/callback using ClassLoader org.springframework.boot.loader.launch.LaunchedClassLoader@1f17ae12 ...
2026-06-12T02:28:50.233+02:00 DEBUG 15564 --- [           main] o.f.c.i.s.classpath.ClassPathScanner     : Unable to resolve location classpath:db/callback.
2026-06-12T02:28:50.233+02:00 DEBUG 15564 --- [           main] o.f.c.i.s.classpath.ClassPathScanner     : Scanning for classpath resources at 'classpath:db/migration' ...
2026-06-12T02:28:50.234+02:00 DEBUG 15564 --- [           main] o.f.c.i.s.classpath.ClassPathScanner     : Determining location urls for classpath:db/migration using ClassLoader org.springframework.boot.loader.launch.LaunchedClassLoader@1f17ae12 ...
2026-06-12T02:28:50.234+02:00 DEBUG 15564 --- [           main] o.f.c.i.s.classpath.ClassPathScanner     : Scanning URL: jar:nested:/C:/sts-5.1.1.RELEASE/workspace/antiguedades-back/target/antiguedades-backend-1.0.0.jar/!BOOT-INF/classes/!/db/migration
2026-06-12T02:28:50.236+02:00 DEBUG 15564 --- [           main] o.f.c.i.s.classpath.ClassPathScanner     : Found resource: db/migration/
2026-06-12T02:28:50.237+02:00 DEBUG 15564 --- [           main] o.f.c.i.s.classpath.ClassPathScanner     : Found resource: db/migration/V1__init.sql
2026-06-12T02:28:50.237+02:00 DEBUG 15564 --- [           main] o.f.c.i.s.classpath.ClassPathScanner     : Scanning for classpath resources at 'classpath:db/migration' ...
2026-06-12T02:28:50.237+02:00 DEBUG 15564 --- [           main] o.f.c.i.s.classpath.ClassPathScanner     : Determining location urls for classpath:db/migration using ClassLoader org.springframework.boot.loader.launch.LaunchedClassLoader@1f17ae12 ...
2026-06-12T02:28:50.238+02:00 DEBUG 15564 --- [           main] o.f.c.i.s.classpath.ClassPathScanner     : Scanning URL: jar:nested:/C:/sts-5.1.1.RELEASE/workspace/antiguedades-back/target/antiguedades-backend-1.0.0.jar/!BOOT-INF/classes/!/db/migration
2026-06-12T02:28:50.238+02:00 DEBUG 15564 --- [           main] o.f.c.i.s.classpath.ClassPathScanner     : Found resource: db/migration/
2026-06-12T02:28:50.239+02:00 DEBUG 15564 --- [           main] o.f.c.i.s.classpath.ClassPathScanner     : Found resource: db/migration/V1__init.sql
2026-06-12T02:28:50.239+02:00 DEBUG 15564 --- [           main] o.f.c.i.s.classpath.ClassPathScanner     : Scanning for classes at classpath:db/migration
2026-06-12T02:28:50.253+02:00 DEBUG 15564 --- [           main] o.f.core.internal.scanner.Scanner        : Filtering out resource: db/migration/ (filename: )
2026-06-12T02:28:50.254+02:00 DEBUG 15564 --- [           main] o.f.c.i.resource.ResourceNameValidator   : Validating V1__init.sql
2026-06-12T02:28:50.259+02:00 DEBUG 15564 --- [           main] o.f.c.i.database.DatabaseTypeRegister    : Multiple databases found that handle url 'jdbc:postgresql://localhost:5432/antiguedades': CockroachDB,PostgreSQL
2026-06-12T02:28:50.259+02:00  INFO 15564 --- [           main] org.flywaydb.core.FlywayExecutor         : Database: jdbc:postgresql://localhost:5432/antiguedades (PostgreSQL 16.14)
2026-06-12T02:28:50.260+02:00 DEBUG 15564 --- [           main] org.flywaydb.core.FlywayExecutor         : Database Type: PostgreSQL
2026-06-12T02:28:50.260+02:00 DEBUG 15564 --- [           main] org.flywaydb.core.FlywayExecutor         : Driver: PostgreSQL JDBC Driver 42.7.10
2026-06-12T02:28:50.260+02:00 DEBUG 15564 --- [           main] org.flywaydb.core.FlywayExecutor         : DDL Transactions Supported: true
2026-06-12T02:28:50.261+02:00 DEBUG 15564 --- [           main] o.f.c.i.s.SchemaHistoryFactory           : Schemas: 
2026-06-12T02:28:50.261+02:00 DEBUG 15564 --- [           main] o.f.c.i.s.SchemaHistoryFactory           : Default schema: null
2026-06-12T02:28:50.275+02:00 DEBUG 15564 --- [           main] org.flywaydb.core.FlywayExecutor         : Scanning for script callbacks ...
2026-06-12T02:28:50.278+02:00 DEBUG 15564 --- [           main] o.f.core.internal.scanner.Scanner        : Filtering out resource: db/migration/ (filename: )
2026-06-12T02:28:50.279+02:00 DEBUG 15564 --- [           main] o.f.c.i.c.SqlScriptCallbackFactory       : Scanning for SQL callbacks ...
2026-06-12T02:28:50.280+02:00 DEBUG 15564 --- [           main] o.f.core.internal.scanner.Scanner        : Filtering out resource: db/migration/ (filename: )
2026-06-12T02:28:50.286+02:00 DEBUG 15564 --- [           main] o.f.core.internal.command.DbValidate     : Validating migrations ...
2026-06-12T02:28:50.289+02:00 DEBUG 15564 --- [           main] o.f.c.a.c.ClassicConfiguration           : CherryPickConfigurationExtension not found
2026-06-12T02:28:50.290+02:00 DEBUG 15564 --- [           main] o.f.core.internal.scanner.Scanner        : Filtering out resource: db/migration/ (filename: )
2026-06-12T02:28:50.294+02:00 DEBUG 15564 --- [           main] o.f.core.internal.scanner.Scanner        : Filtering out resource: db/migration/ (filename: )
2026-06-12T02:28:50.294+02:00 DEBUG 15564 --- [           main] o.f.core.internal.scanner.Scanner        : Filtering out resource: db/migration/V1__init.sql (filename: V1__init.sql)
2026-06-12T02:28:50.294+02:00 DEBUG 15564 --- [           main] o.f.core.internal.scanner.Scanner        : Filtering out resource: db/migration/ (filename: )
2026-06-12T02:28:50.294+02:00 DEBUG 15564 --- [           main] o.f.core.internal.scanner.Scanner        : Filtering out resource: db/migration/V1__init.sql (filename: V1__init.sql)
2026-06-12T02:28:50.295+02:00 DEBUG 15564 --- [           main] o.f.core.internal.scanner.Scanner        : Filtering out resource: db/migration/ (filename: )
2026-06-12T02:28:50.295+02:00 DEBUG 15564 --- [           main] o.f.core.internal.scanner.Scanner        : Filtering out resource: db/migration/ (filename: )
2026-06-12T02:28:50.295+02:00 DEBUG 15564 --- [           main] o.f.core.internal.scanner.Scanner        : Filtering out resource: db/migration/V1__init.sql (filename: V1__init.sql)
2026-06-12T02:28:50.295+02:00 DEBUG 15564 --- [           main] o.f.core.internal.scanner.Scanner        : Filtering out resource: db/migration/ (filename: )
2026-06-12T02:28:50.296+02:00 DEBUG 15564 --- [           main] o.f.core.internal.scanner.Scanner        : Filtering out resource: db/migration/V1__init.sql (filename: V1__init.sql)
2026-06-12T02:28:50.314+02:00  INFO 15564 --- [           main] o.f.core.internal.command.DbValidate     : Successfully validated 1 migration (execution time 00:00.026s)
2026-06-12T02:28:50.317+02:00 DEBUG 15564 --- [           main] o.f.core.internal.command.DbSchemas      : Skipping creation of existing schema: "public"
2026-06-12T02:28:50.328+02:00 DEBUG 15564 --- [           main] o.f.c.a.c.ClassicConfiguration           : CherryPickConfigurationExtension not found
2026-06-12T02:28:50.331+02:00  INFO 15564 --- [           main] o.f.core.internal.command.DbMigrate      : Current version of schema "public": 1
2026-06-12T02:28:50.333+02:00  INFO 15564 --- [           main] o.f.core.internal.command.DbMigrate      : Schema "public" is up to date. No migration necessary.
2026-06-12T02:28:50.339+02:00 DEBUG 15564 --- [           main] org.flywaydb.core.FlywayExecutor         : Memory usage: 100 of 296M
2026-06-12T02:28:50.374+02:00  WARN 15564 --- [           main] JpaBaseConfiguration$JpaWebConfiguration : spring.jpa.open-in-view is enabled by default. Therefore, database queries may be performed during view rendering. Explicitly configure spring.jpa.open-in-view to disable this warning
2026-06-12T02:28:50.467+02:00  WARN 15564 --- [           main] .s.a.UserDetailsServiceAutoConfiguration : 

Using generated security password: 810f5462-4eab-4706-98e3-53c87f911d2a

This generated password is for development use only. Your security configuration must be updated before running your application in production.

2026-06-12T02:28:50.481+02:00  INFO 15564 --- [           main] r$InitializeUserDetailsManagerConfigurer : Global AuthenticationManager configured with UserDetailsService bean with name inMemoryUserDetailsManager
2026-06-12T02:28:50.958+02:00  INFO 15564 --- [           main] o.s.boot.tomcat.TomcatWebServer          : Tomcat started on port 8081 (http) with context path '/'
2026-06-12T02:28:50.964+02:00  INFO 15564 --- [           main] c.antiguedades.AntiguedadesApplication   : Started AntiguedadesApplication in 4.952 seconds (process running for 5.465)
