[INFO] Scanning for projects...
[INFO] 
[INFO] ---------------< com.antiguedades:antiguedades-backend >----------------
[INFO] Building Antiguedades Backend 1.0.0
[INFO]   from pom.xml
[INFO] --------------------------------[ jar ]---------------------------------
[INFO] 
[INFO] >>> spring-boot:4.0.6:run (default-cli) > test-compile @ antiguedades-backend >>>
[INFO] 
[INFO] --- resources:3.3.1:resources (default-resources) @ antiguedades-backend ---
[INFO] Copying 1 resource from src\main\resources to target\classes
[INFO] Copying 2 resources from src\main\resources to target\classes
[INFO] 
[INFO] --- compiler:3.14.1:compile (default-compile) @ antiguedades-backend ---
[INFO] Nothing to compile - all classes are up to date.
[INFO] 
[INFO] --- resources:3.3.1:testResources (default-testResources) @ antiguedades-backend ---
[INFO] skip non existing resourceDirectory C:\sts-5.1.1.RELEASE\workspace\antiguedades-back\src\test\resources
[INFO] 
[INFO] --- compiler:3.14.1:testCompile (default-testCompile) @ antiguedades-backend ---
[INFO] No sources to compile
[INFO] 
[INFO] <<< spring-boot:4.0.6:run (default-cli) < test-compile @ antiguedades-backend <<<
[INFO] 
[INFO] 
[INFO] --- spring-boot:4.0.6:run (default-cli) @ antiguedades-backend ---
[INFO] Attaching agents: []

  .   ____          _            __ _ _
 /\\ / ___'_ __ _ _(_)_ __  __ _ \ \ \ \
( ( )\___ | '_ | '_| | '_ \/ _` | \ \ \ \
 \\/  ___)| |_)| | | | | || (_| |  ) ) ) )
  '  |____| .__|_| |_|_| |_\__, | / / / /
 =========|_|==============|___/=/_/_/_/

 :: Spring Boot ::                (v4.0.6)

2026-06-12T02:12:07.144+02:00  INFO 19648 --- [           main] c.antiguedades.AntiguedadesApplication   : Starting AntiguedadesApplication using Java 21.0.11 with PID 19648 (C:\sts-5.1.1.RELEASE\workspace\antiguedades-back\target\classes started by jlac in C:\sts-5.1.1.RELEASE\workspace\antiguedades-back)
2026-06-12T02:12:07.146+02:00 DEBUG 19648 --- [           main] c.antiguedades.AntiguedadesApplication   : Running with Spring Boot v4.0.6, Spring v7.0.7
2026-06-12T02:12:07.147+02:00  INFO 19648 --- [           main] c.antiguedades.AntiguedadesApplication   : No active profile set, falling back to 1 default profile: "default"
2026-06-12T02:12:07.479+02:00  INFO 19648 --- [           main] .s.d.r.c.RepositoryConfigurationDelegate : Bootstrapping Spring Data JPA repositories in DEFAULT mode.
2026-06-12T02:12:07.507+02:00  INFO 19648 --- [           main] .s.d.r.c.RepositoryConfigurationDelegate : Finished Spring Data repository scanning in 23 ms. Found 3 JPA repository interfaces.
2026-06-12T02:12:07.778+02:00  INFO 19648 --- [           main] o.s.boot.tomcat.TomcatWebServer          : Tomcat initialized with port 8080 (http)
2026-06-12T02:12:07.785+02:00  INFO 19648 --- [           main] o.apache.catalina.core.StandardService   : Starting service [Tomcat]
2026-06-12T02:12:07.785+02:00  INFO 19648 --- [           main] o.apache.catalina.core.StandardEngine    : Starting Servlet engine: [Apache Tomcat/11.0.21]
2026-06-12T02:12:07.810+02:00  INFO 19648 --- [           main] b.w.c.s.WebApplicationContextInitializer : Root WebApplicationContext: initialization completed in 640 ms
2026-06-12T02:12:07.836+02:00 DEBUG 19648 --- [           main] c.a.security.JwtAuthenticationFilter     : Filter 'jwtAuthenticationFilter' configured for use
2026-06-12T02:12:07.896+02:00  INFO 19648 --- [           main] org.hibernate.orm.jpa                    : HHH008540: Processing PersistenceUnitInfo [name: default]
2026-06-12T02:12:07.918+02:00  INFO 19648 --- [           main] org.hibernate.orm.core                   : HHH000001: Hibernate ORM core version 7.2.12.Final
2026-06-12T02:12:08.121+02:00  INFO 19648 --- [           main] o.s.o.j.p.SpringPersistenceUnitInfo      : No LoadTimeWeaver setup: ignoring JPA class transformer
2026-06-12T02:12:08.136+02:00  INFO 19648 --- [           main] com.zaxxer.hikari.HikariDataSource       : HikariPool-1 - Starting...
2026-06-12T02:12:08.215+02:00  INFO 19648 --- [           main] com.zaxxer.hikari.pool.HikariPool        : HikariPool-1 - Added connection org.postgresql.jdbc.PgConnection@6cbbfe29
2026-06-12T02:12:08.216+02:00  INFO 19648 --- [           main] com.zaxxer.hikari.HikariDataSource       : HikariPool-1 - Start completed.
2026-06-12T02:12:08.251+02:00  INFO 19648 --- [           main] org.hibernate.orm.connections.pooling    : HHH10001005: Database info:
	Database JDBC URL [jdbc:postgresql://localhost:5432/antiguedades]
	Database driver: PostgreSQL JDBC Driver
	Database dialect: PostgreSQLDialect
	Database version: 16.14
	Default catalog/schema: antiguedades/public
	Autocommit mode: undefined/unknown
	Isolation level: READ_COMMITTED [default READ_COMMITTED]
	JDBC fetch size: none
	Pool: DataSourceConnectionProvider
	Minimum pool size: undefined/unknown
	Maximum pool size: undefined/unknown
2026-06-12T02:12:08.777+02:00  INFO 19648 --- [           main] org.hibernate.orm.core                   : HHH000489: No JTA platform available (set 'hibernate.transaction.jta.platform' to enable JTA platform integration)
2026-06-12T02:12:08.781+02:00  INFO 19648 --- [           main] j.LocalContainerEntityManagerFactoryBean : Initialized JPA EntityManagerFactory for persistence unit 'default'
2026-06-12T02:12:08.817+02:00  INFO 19648 --- [           main] o.s.d.j.r.query.QueryEnhancerFactories   : Hibernate is in classpath; If applicable, HQL parser will be used.
2026-06-12T02:12:09.449+02:00 DEBUG 19648 --- [           main] o.f.c.i.s.classpath.ClassPathScanner     : Scanning for classpath resources at 'classpath:db/callback' ...
2026-06-12T02:12:09.449+02:00 DEBUG 19648 --- [           main] o.f.c.i.s.classpath.ClassPathScanner     : Determining location urls for classpath:db/callback using ClassLoader jdk.internal.loader.ClassLoaders$AppClassLoader@70dea4e ...
2026-06-12T02:12:09.449+02:00 DEBUG 19648 --- [           main] o.f.c.i.s.classpath.ClassPathScanner     : Unable to resolve location classpath:db/callback.
2026-06-12T02:12:09.449+02:00 DEBUG 19648 --- [           main] o.f.c.i.s.classpath.ClassPathScanner     : Scanning for classpath resources at 'classpath:db/migration' ...
2026-06-12T02:12:09.449+02:00 DEBUG 19648 --- [           main] o.f.c.i.s.classpath.ClassPathScanner     : Determining location urls for classpath:db/migration using ClassLoader jdk.internal.loader.ClassLoaders$AppClassLoader@70dea4e ...
2026-06-12T02:12:09.449+02:00 DEBUG 19648 --- [           main] o.f.c.i.s.classpath.ClassPathScanner     : Scanning URL: file:/C:/sts-5.1.1.RELEASE/workspace/antiguedades-back/target/classes/db/migration
2026-06-12T02:12:09.451+02:00 DEBUG 19648 --- [           main] i.s.c.FileSystemClassPathLocationScanner : Scanning starting at classpath root in filesystem: C:\sts-5.1.1.RELEASE\workspace\antiguedades-back\target\classes\
2026-06-12T02:12:09.451+02:00 DEBUG 19648 --- [           main] i.s.c.FileSystemClassPathLocationScanner : Scanning for resources in path: C:\sts-5.1.1.RELEASE\workspace\antiguedades-back\target\classes\db\migration (db/migration)
2026-06-12T02:12:09.451+02:00 DEBUG 19648 --- [           main] o.f.c.i.s.classpath.ClassPathScanner     : Found resource: db/migration/V1__init.sql
2026-06-12T02:12:09.452+02:00 DEBUG 19648 --- [           main] o.f.c.i.s.classpath.ClassPathScanner     : Scanning for classpath resources at 'classpath:db/migration' ...
2026-06-12T02:12:09.452+02:00 DEBUG 19648 --- [           main] o.f.c.i.s.classpath.ClassPathScanner     : Determining location urls for classpath:db/migration using ClassLoader jdk.internal.loader.ClassLoaders$AppClassLoader@70dea4e ...
2026-06-12T02:12:09.452+02:00 DEBUG 19648 --- [           main] o.f.c.i.s.classpath.ClassPathScanner     : Scanning URL: file:/C:/sts-5.1.1.RELEASE/workspace/antiguedades-back/target/classes/db/migration
2026-06-12T02:12:09.452+02:00 DEBUG 19648 --- [           main] o.f.c.i.s.classpath.ClassPathScanner     : Found resource: db/migration/V1__init.sql
2026-06-12T02:12:09.452+02:00 DEBUG 19648 --- [           main] o.f.c.i.s.classpath.ClassPathScanner     : Scanning for classes at classpath:db/migration
2026-06-12T02:12:09.461+02:00 DEBUG 19648 --- [           main] o.f.c.i.resource.ResourceNameValidator   : Validating V1__init.sql
2026-06-12T02:12:09.465+02:00 DEBUG 19648 --- [           main] o.f.c.i.database.DatabaseTypeRegister    : Multiple databases found that handle url 'jdbc:postgresql://localhost:5432/antiguedades': CockroachDB,PostgreSQL
2026-06-12T02:12:09.465+02:00  INFO 19648 --- [           main] org.flywaydb.core.FlywayExecutor         : Database: jdbc:postgresql://localhost:5432/antiguedades (PostgreSQL 16.14)
2026-06-12T02:12:09.465+02:00 DEBUG 19648 --- [           main] org.flywaydb.core.FlywayExecutor         : Database Type: PostgreSQL
2026-06-12T02:12:09.465+02:00 DEBUG 19648 --- [           main] org.flywaydb.core.FlywayExecutor         : Driver: PostgreSQL JDBC Driver 42.7.10
2026-06-12T02:12:09.465+02:00 DEBUG 19648 --- [           main] org.flywaydb.core.FlywayExecutor         : DDL Transactions Supported: true
2026-06-12T02:12:09.466+02:00 DEBUG 19648 --- [           main] o.f.c.i.s.SchemaHistoryFactory           : Schemas: 
2026-06-12T02:12:09.466+02:00 DEBUG 19648 --- [           main] o.f.c.i.s.SchemaHistoryFactory           : Default schema: null
2026-06-12T02:12:09.476+02:00 DEBUG 19648 --- [           main] org.flywaydb.core.FlywayExecutor         : Scanning for script callbacks ...
2026-06-12T02:12:09.477+02:00 DEBUG 19648 --- [           main] o.f.c.i.c.SqlScriptCallbackFactory       : Scanning for SQL callbacks ...
2026-06-12T02:12:09.482+02:00 DEBUG 19648 --- [           main] o.f.core.internal.command.DbValidate     : Validating migrations ...
2026-06-12T02:12:09.483+02:00 DEBUG 19648 --- [           main] o.f.c.a.c.ClassicConfiguration           : CherryPickConfigurationExtension not found
2026-06-12T02:12:09.486+02:00 DEBUG 19648 --- [           main] o.f.core.internal.scanner.Scanner        : Filtering out resource: db/migration/V1__init.sql (filename: V1__init.sql)
2026-06-12T02:12:09.486+02:00 DEBUG 19648 --- [           main] o.f.core.internal.scanner.Scanner        : Filtering out resource: db/migration/V1__init.sql (filename: V1__init.sql)
2026-06-12T02:12:09.487+02:00 DEBUG 19648 --- [           main] o.f.core.internal.scanner.Scanner        : Filtering out resource: db/migration/V1__init.sql (filename: V1__init.sql)
2026-06-12T02:12:09.487+02:00 DEBUG 19648 --- [           main] o.f.core.internal.scanner.Scanner        : Filtering out resource: db/migration/V1__init.sql (filename: V1__init.sql)
2026-06-12T02:12:09.497+02:00  INFO 19648 --- [           main] o.f.core.internal.command.DbValidate     : Successfully validated 1 migration (execution time 00:00.014s)
2026-06-12T02:12:09.500+02:00 DEBUG 19648 --- [           main] o.f.core.internal.command.DbSchemas      : Skipping creation of existing schema: "public"
2026-06-12T02:12:09.510+02:00 DEBUG 19648 --- [           main] o.f.c.a.c.ClassicConfiguration           : CherryPickConfigurationExtension not found
2026-06-12T02:12:09.513+02:00  INFO 19648 --- [           main] o.f.core.internal.command.DbMigrate      : Current version of schema "public": 1
2026-06-12T02:12:09.515+02:00  INFO 19648 --- [           main] o.f.core.internal.command.DbMigrate      : Schema "public" is up to date. No migration necessary.
2026-06-12T02:12:09.519+02:00 DEBUG 19648 --- [           main] org.flywaydb.core.FlywayExecutor         : Memory usage: 91 of 304M
2026-06-12T02:12:09.547+02:00  WARN 19648 --- [           main] JpaBaseConfiguration$JpaWebConfiguration : spring.jpa.open-in-view is enabled by default. Therefore, database queries may be performed during view rendering. Explicitly configure spring.jpa.open-in-view to disable this warning
2026-06-12T02:12:09.583+02:00  WARN 19648 --- [           main] .s.a.UserDetailsServiceAutoConfiguration : 

Using generated security password: 37027c7a-97c1-4fb8-9a22-08769fc69fb4

This generated password is for development use only. Your security configuration must be updated before running your application in production.

2026-06-12T02:12:09.587+02:00  INFO 19648 --- [           main] r$InitializeUserDetailsManagerConfigurer : Global AuthenticationManager configured with UserDetailsService bean with name inMemoryUserDetailsManager
2026-06-12T02:12:09.822+02:00  WARN 19648 --- [           main] ConfigServletWebServerApplicationContext : Exception encountered during context initialization - cancelling refresh attempt: org.springframework.context.ApplicationContextException: Failed to start bean 'webServerStartStop'
2026-06-12T02:12:09.823+02:00  INFO 19648 --- [           main] j.LocalContainerEntityManagerFactoryBean : Closing JPA EntityManagerFactory for persistence unit 'default'
2026-06-12T02:12:09.824+02:00  INFO 19648 --- [           main] com.zaxxer.hikari.HikariDataSource       : HikariPool-1 - Shutdown initiated...
2026-06-12T02:12:09.826+02:00  INFO 19648 --- [           main] com.zaxxer.hikari.HikariDataSource       : HikariPool-1 - Shutdown completed.
2026-06-12T02:12:09.832+02:00  INFO 19648 --- [           main] .s.b.a.l.ConditionEvaluationReportLogger : 

Error starting ApplicationContext. To display the condition evaluation report re-run your application with 'debug' enabled.
2026-06-12T02:12:09.840+02:00 ERROR 19648 --- [           main] o.s.b.d.LoggingFailureAnalysisReporter   : 

***************************
APPLICATION FAILED TO START
***************************

Description:

Web server failed to start. Port 8080 was already in use.

Action:

Identify and stop the process that's listening on port 8080 or configure this application to listen on another port.

[INFO] ------------------------------------------------------------------------
[INFO] BUILD FAILURE
[INFO] ------------------------------------------------------------------------
[INFO] Total time:  4.451 s
[INFO] Finished at: 2026-06-12T02:12:09+02:00
[INFO] ------------------------------------------------------------------------
[ERROR] Failed to execute goal org.springframework.boot:spring-boot-maven-plugin:4.0.6:run (default-cli) on project antiguedades-backend: Process terminated with exit code: 1 -> [Help 1]
[ERROR] 
[ERROR] To see the full stack trace of the errors, re-run Maven with the -e switch.
[ERROR] Re-run Maven using the -X switch to enable full debug logging.
[ERROR] 
[ERROR] For more information about the errors and possible solutions, please read the following articles:
[ERROR] [Help 1] http://cwiki.apache.org/confluence/display/MAVEN/MojoExecutionException
