[INFO] Scanning for projects...
[INFO] 
[INFO] ---------------< com.antiguedades:antiguedades-backend >----------------
[INFO] Building Antiguedades Backend 1.0.0
[INFO]   from pom.xml
[INFO] --------------------------------[ jar ]---------------------------------
[INFO] 
[INFO] >>> spring-boot:4.0.6:run (default-cli) > test-compile @ antiguedades-backend >>>
[INFO] 
[INFO] --- resources:3.3.1:resources (default-resources) @ antiguedades-backend ---
[INFO] Copying 1 resource from src\main\resources to target\classes
[INFO] Copying 2 resources from src\main\resources to target\classes
[INFO] 
[INFO] --- compiler:3.14.1:compile (default-compile) @ antiguedades-backend ---
[INFO] Nothing to compile - all classes are up to date.
[INFO] 
[INFO] --- resources:3.3.1:testResources (default-testResources) @ antiguedades-backend ---
[INFO] skip non existing resourceDirectory C:\sts-5.1.1.RELEASE\workspace\antiguedades-back\src\test\resources
[INFO] 
[INFO] --- compiler:3.14.1:testCompile (default-testCompile) @ antiguedades-backend ---
[INFO] No sources to compile
[INFO] 
[INFO] <<< spring-boot:4.0.6:run (default-cli) < test-compile @ antiguedades-backend <<<
[INFO] 
[INFO] 
[INFO] --- spring-boot:4.0.6:run (default-cli) @ antiguedades-backend ---
[INFO] Attaching agents: []

  .   ____          _            __ _ _
 /\\ / ___'_ __ _ _(_)_ __  __ _ \ \ \ \
( ( )\___ | '_ | '_| | '_ \/ _` | \ \ \ \
 \\/  ___)| |_)| | | | | || (_| |  ) ) ) )
  '  |____| .__|_| |_|_| |_\__, | / / / /
 =========|_|==============|___/=/_/_/_/

 :: Spring Boot ::                (v4.0.6)

2026-06-12T02:09:54.315+02:00  INFO 25084 --- [           main] c.antiguedades.AntiguedadesApplication   : Starting AntiguedadesApplication using Java 21.0.11 with PID 25084 (C:\sts-5.1.1.RELEASE\workspace\antiguedades-back\target\classes started by jlac in C:\sts-5.1.1.RELEASE\workspace\antiguedades-back)
2026-06-12T02:09:54.317+02:00 DEBUG 25084 --- [           main] c.antiguedades.AntiguedadesApplication   : Running with Spring Boot v4.0.6, Spring v7.0.7
2026-06-12T02:09:54.317+02:00  INFO 25084 --- [           main] c.antiguedades.AntiguedadesApplication   : No active profile set, falling back to 1 default profile: "default"
2026-06-12T02:09:54.679+02:00  INFO 25084 --- [           main] .s.d.r.c.RepositoryConfigurationDelegate : Bootstrapping Spring Data JPA repositories in DEFAULT mode.
2026-06-12T02:09:54.720+02:00  INFO 25084 --- [           main] .s.d.r.c.RepositoryConfigurationDelegate : Finished Spring Data repository scanning in 36 ms. Found 3 JPA repository interfaces.
2026-06-12T02:09:54.983+02:00  INFO 25084 --- [           main] o.s.boot.tomcat.TomcatWebServer          : Tomcat initialized with port 8080 (http)
2026-06-12T02:09:54.990+02:00  INFO 25084 --- [           main] o.apache.catalina.core.StandardService   : Starting service [Tomcat]
2026-06-12T02:09:54.990+02:00  INFO 25084 --- [           main] o.apache.catalina.core.StandardEngine    : Starting Servlet engine: [Apache Tomcat/11.0.21]
2026-06-12T02:09:55.017+02:00  INFO 25084 --- [           main] b.w.c.s.WebApplicationContextInitializer : Root WebApplicationContext: initialization completed in 672 ms
2026-06-12T02:09:55.042+02:00 DEBUG 25084 --- [           main] c.a.security.JwtAuthenticationFilter     : Filter 'jwtAuthenticationFilter' configured for use
2026-06-12T02:09:55.105+02:00  INFO 25084 --- [           main] org.hibernate.orm.jpa                    : HHH008540: Processing PersistenceUnitInfo [name: default]
2026-06-12T02:09:55.127+02:00  INFO 25084 --- [           main] org.hibernate.orm.core                   : HHH000001: Hibernate ORM core version 7.2.12.Final
2026-06-12T02:09:55.324+02:00  INFO 25084 --- [           main] o.s.o.j.p.SpringPersistenceUnitInfo      : No LoadTimeWeaver setup: ignoring JPA class transformer
2026-06-12T02:09:55.339+02:00  INFO 25084 --- [           main] com.zaxxer.hikari.HikariDataSource       : HikariPool-1 - Starting...
2026-06-12T02:09:55.422+02:00  INFO 25084 --- [           main] com.zaxxer.hikari.pool.HikariPool        : HikariPool-1 - Added connection org.postgresql.jdbc.PgConnection@6cbbfe29
2026-06-12T02:09:55.423+02:00  INFO 25084 --- [           main] com.zaxxer.hikari.HikariDataSource       : HikariPool-1 - Start completed.
2026-06-12T02:09:55.459+02:00  INFO 25084 --- [           main] org.hibernate.orm.connections.pooling    : HHH10001005: Database info:
	Database JDBC URL [jdbc:postgresql://localhost:5432/antiguedades]
	Database driver: PostgreSQL JDBC Driver
	Database dialect: PostgreSQLDialect
	Database version: 16.14
	Default catalog/schema: antiguedades/public
	Autocommit mode: undefined/unknown
	Isolation level: READ_COMMITTED [default READ_COMMITTED]
	JDBC fetch size: none
	Pool: DataSourceConnectionProvider
	Minimum pool size: undefined/unknown
	Maximum pool size: undefined/unknown
2026-06-12T02:09:55.994+02:00  INFO 25084 --- [           main] org.hibernate.orm.core                   : HHH000489: No JTA platform available (set 'hibernate.transaction.jta.platform' to enable JTA platform integration)
2026-06-12T02:09:55.998+02:00  INFO 25084 --- [           main] j.LocalContainerEntityManagerFactoryBean : Initialized JPA EntityManagerFactory for persistence unit 'default'
2026-06-12T02:09:56.035+02:00  INFO 25084 --- [           main] o.s.d.j.r.query.QueryEnhancerFactories   : Hibernate is in classpath; If applicable, HQL parser will be used.
2026-06-12T02:09:56.652+02:00 DEBUG 25084 --- [           main] o.f.c.i.s.classpath.ClassPathScanner     : Scanning for classpath resources at 'classpath:db/callback' ...
2026-06-12T02:09:56.652+02:00 DEBUG 25084 --- [           main] o.f.c.i.s.classpath.ClassPathScanner     : Determining location urls for classpath:db/callback using ClassLoader jdk.internal.loader.ClassLoaders$AppClassLoader@70dea4e ...
2026-06-12T02:09:56.652+02:00 DEBUG 25084 --- [           main] o.f.c.i.s.classpath.ClassPathScanner     : Unable to resolve location classpath:db/callback.
2026-06-12T02:09:56.652+02:00 DEBUG 25084 --- [           main] o.f.c.i.s.classpath.ClassPathScanner     : Scanning for classpath resources at 'classpath:db/migration' ...
2026-06-12T02:09:56.652+02:00 DEBUG 25084 --- [           main] o.f.c.i.s.classpath.ClassPathScanner     : Determining location urls for classpath:db/migration using ClassLoader jdk.internal.loader.ClassLoaders$AppClassLoader@70dea4e ...
2026-06-12T02:09:56.652+02:00 DEBUG 25084 --- [           main] o.f.c.i.s.classpath.ClassPathScanner     : Scanning URL: file:/C:/sts-5.1.1.RELEASE/workspace/antiguedades-back/target/classes/db/migration
2026-06-12T02:09:56.653+02:00 DEBUG 25084 --- [           main] i.s.c.FileSystemClassPathLocationScanner : Scanning starting at classpath root in filesystem: C:\sts-5.1.1.RELEASE\workspace\antiguedades-back\target\classes\
2026-06-12T02:09:56.653+02:00 DEBUG 25084 --- [           main] i.s.c.FileSystemClassPathLocationScanner : Scanning for resources in path: C:\sts-5.1.1.RELEASE\workspace\antiguedades-back\target\classes\db\migration (db/migration)
2026-06-12T02:09:56.653+02:00 DEBUG 25084 --- [           main] o.f.c.i.s.classpath.ClassPathScanner     : Found resource: db/migration/V1__init.sql
2026-06-12T02:09:56.654+02:00 DEBUG 25084 --- [           main] o.f.c.i.s.classpath.ClassPathScanner     : Scanning for classpath resources at 'classpath:db/migration' ...
2026-06-12T02:09:56.654+02:00 DEBUG 25084 --- [           main] o.f.c.i.s.classpath.ClassPathScanner     : Determining location urls for classpath:db/migration using ClassLoader jdk.internal.loader.ClassLoaders$AppClassLoader@70dea4e ...
2026-06-12T02:09:56.654+02:00 DEBUG 25084 --- [           main] o.f.c.i.s.classpath.ClassPathScanner     : Scanning URL: file:/C:/sts-5.1.1.RELEASE/workspace/antiguedades-back/target/classes/db/migration
2026-06-12T02:09:56.654+02:00 DEBUG 25084 --- [           main] o.f.c.i.s.classpath.ClassPathScanner     : Found resource: db/migration/V1__init.sql
2026-06-12T02:09:56.654+02:00 DEBUG 25084 --- [           main] o.f.c.i.s.classpath.ClassPathScanner     : Scanning for classes at classpath:db/migration
2026-06-12T02:09:56.665+02:00 DEBUG 25084 --- [           main] o.f.c.i.resource.ResourceNameValidator   : Validating V1__init.sql
2026-06-12T02:09:56.667+02:00 DEBUG 25084 --- [           main] o.f.c.i.database.DatabaseTypeRegister    : Multiple databases found that handle url 'jdbc:postgresql://localhost:5432/antiguedades': CockroachDB,PostgreSQL
2026-06-12T02:09:56.667+02:00  INFO 25084 --- [           main] org.flywaydb.core.FlywayExecutor         : Database: jdbc:postgresql://localhost:5432/antiguedades (PostgreSQL 16.14)
2026-06-12T02:09:56.668+02:00 DEBUG 25084 --- [           main] org.flywaydb.core.FlywayExecutor         : Database Type: PostgreSQL
2026-06-12T02:09:56.668+02:00 DEBUG 25084 --- [           main] org.flywaydb.core.FlywayExecutor         : Driver: PostgreSQL JDBC Driver 42.7.10
2026-06-12T02:09:56.668+02:00 DEBUG 25084 --- [           main] org.flywaydb.core.FlywayExecutor         : DDL Transactions Supported: true
2026-06-12T02:09:56.668+02:00 DEBUG 25084 --- [           main] o.f.c.i.s.SchemaHistoryFactory           : Schemas: 
2026-06-12T02:09:56.668+02:00 DEBUG 25084 --- [           main] o.f.c.i.s.SchemaHistoryFactory           : Default schema: null
2026-06-12T02:09:56.678+02:00 DEBUG 25084 --- [           main] org.flywaydb.core.FlywayExecutor         : Scanning for script callbacks ...
2026-06-12T02:09:56.680+02:00 DEBUG 25084 --- [           main] o.f.c.i.c.SqlScriptCallbackFactory       : Scanning for SQL callbacks ...
2026-06-12T02:09:56.685+02:00 DEBUG 25084 --- [           main] o.f.core.internal.command.DbValidate     : Validating migrations ...
2026-06-12T02:09:56.685+02:00 DEBUG 25084 --- [           main] o.f.c.a.c.ClassicConfiguration           : CherryPickConfigurationExtension not found
2026-06-12T02:09:56.691+02:00 DEBUG 25084 --- [           main] o.f.core.internal.scanner.Scanner        : Filtering out resource: db/migration/V1__init.sql (filename: V1__init.sql)
2026-06-12T02:09:56.691+02:00 DEBUG 25084 --- [           main] o.f.core.internal.scanner.Scanner        : Filtering out resource: db/migration/V1__init.sql (filename: V1__init.sql)
2026-06-12T02:09:56.691+02:00 DEBUG 25084 --- [           main] o.f.core.internal.scanner.Scanner        : Filtering out resource: db/migration/V1__init.sql (filename: V1__init.sql)
2026-06-12T02:09:56.691+02:00 DEBUG 25084 --- [           main] o.f.core.internal.scanner.Scanner        : Filtering out resource: db/migration/V1__init.sql (filename: V1__init.sql)
2026-06-12T02:09:56.701+02:00  INFO 25084 --- [           main] o.f.core.internal.command.DbValidate     : Successfully validated 1 migration (execution time 00:00.015s)
2026-06-12T02:09:56.704+02:00 DEBUG 25084 --- [           main] o.f.core.internal.command.DbSchemas      : Skipping creation of existing schema: "public"
2026-06-12T02:09:56.714+02:00 DEBUG 25084 --- [           main] o.f.c.a.c.ClassicConfiguration           : CherryPickConfigurationExtension not found
2026-06-12T02:09:56.716+02:00  INFO 25084 --- [           main] o.f.core.internal.command.DbMigrate      : Current version of schema "public": 1
2026-06-12T02:09:56.718+02:00  INFO 25084 --- [           main] o.f.core.internal.command.DbMigrate      : Schema "public" is up to date. No migration necessary.
2026-06-12T02:09:56.724+02:00 DEBUG 25084 --- [           main] org.flywaydb.core.FlywayExecutor         : Memory usage: 167 of 312M
2026-06-12T02:09:56.751+02:00  WARN 25084 --- [           main] JpaBaseConfiguration$JpaWebConfiguration : spring.jpa.open-in-view is enabled by default. Therefore, database queries may be performed during view rendering. Explicitly configure spring.jpa.open-in-view to disable this warning
2026-06-12T02:09:56.785+02:00  WARN 25084 --- [           main] .s.a.UserDetailsServiceAutoConfiguration : 

Using generated security password: 9f672b74-18fb-41ce-8dc1-d62be0d7a4c2

This generated password is for development use only. Your security configuration must be updated before running your application in production.

2026-06-12T02:09:56.788+02:00  INFO 25084 --- [           main] r$InitializeUserDetailsManagerConfigurer : Global AuthenticationManager configured with UserDetailsService bean with name inMemoryUserDetailsManager
2026-06-12T02:09:57.051+02:00  INFO 25084 --- [           main] o.s.boot.tomcat.TomcatWebServer          : Tomcat started on port 8080 (http) with context path '/'
2026-06-12T02:09:57.055+02:00  INFO 25084 --- [           main] c.antiguedades.AntiguedadesApplication   : Started AntiguedadesApplication in 2.987 seconds (process running for 3.216)
2026-06-12T02:12:40.766+02:00  INFO 25084 --- [nio-8080-exec-1] o.a.c.c.C.[Tomcat].[localhost].[/]       : Initializing Spring DispatcherServlet 'dispatcherServlet'
2026-06-12T02:12:40.767+02:00  INFO 25084 --- [nio-8080-exec-1] o.s.web.servlet.DispatcherServlet        : Initializing Servlet 'dispatcherServlet'
2026-06-12T02:12:40.768+02:00  INFO 25084 --- [nio-8080-exec-1] o.s.web.servlet.DispatcherServlet        : Completed initialization in 1 ms
